{"level":"error","message":"API error 401 on /search/v6/schemes: Unauthorized","service":"yojanamitra-sync","timestamp":"2026-02-21 00:35:24"}
{"level":"error","message":"API error 429 on /schemes/v6/public/schemes: Request failed with status code 429","service":"yojanamitra-sync","timestamp":"2026-02-21 01:09:35"}
{"level":"error","message":"  ✗ Failed: \"pmmsyctguj\" — Request failed with status code 429","service":"yojanamitra-sync","timestamp":"2026-02-21 01:09:35"}
{"level":"error","message":"API error 429 on /schemes/v6/public/schemes/68b18c7b950fe70a999ba93f/documents: Request failed with status code 429","service":"yojanamitra-sync","timestamp":"2026-02-21 01:09:35"}
{"level":"error","message":"API error 429 on /schemes/v6/public/schemes/68b18c7b950fe70a999ba93f/faqs: Request failed with status code 429","service":"yojanamitra-sync","timestamp":"2026-02-21 01:09:35"}
{"level":"error","message":"API error 429 on /schemes/v6/public/schemes: Request failed with status code 429","service":"yojanamitra-sync","timestamp":"2026-02-21 01:09:36"}
{"level":"error","message":"  ✗ Failed: \"sdu\" — Request failed with status code 429","service":"yojanamitra-sync","timestamp":"2026-02-21 01:09:36"}
{"level":"error","message":"API error 429 on /schemes/v6/public/schemes: Request failed with status code 429","service":"yojanamitra-sync","timestamp":"2026-02-21 01:09:36"}
{"level":"error","message":"  ✗ Failed: \"cllpwaafadcebnbds\" — Request failed with status code 429","service":"yojanamitra-sync","timestamp":"2026-02-21 01:09:36"}
{"level":"error","message":"API error 429 on /schemes/v6/public/schemes: Request failed with status code 429","service":"yojanamitra-sync","timestamp":"2026-02-21 01:09:36"}
{"level":"error","message":"  ✗ Failed: \"rssvyeggmdy\" — Request failed with status code 429","service":"yojanamitra-sync","timestamp":"2026-02-21 01:09:36"}
{"level":"error","message":"API error 429 on /schemes/v6/public/schemes: Request failed with status code 429","service":"yojanamitra-sync","timestamp":"2026-02-21 01:09:37"}
{"level":"error","message":"  ✗ Failed: \"dmf-acibp\" — Request failed with status code 429","service":"yojanamitra-sync","timestamp":"2026-02-21 01:09:37"}
{"level":"error","message":"API error 429 on /schemes/v6/public/schemes: Request failed with status code 429","service":"yojanamitra-sync","timestamp":"2026-02-21 01:09:37"}
{"level":"error","message":"  ✗ Failed: \"ptoopfc\" — Request failed with status code 429","service":"yojanamitra-sync","timestamp":"2026-02-21 01:09:37"}
{"level":"error","message":"API error 429 on /schemes/v6/public/schemes: Request failed with status code 429","service":"yojanamitra-sync","timestamp":"2026-02-21 01:09:37"}
{"level":"error","message":"  ✗ Failed: \"vppy\" — Request failed with status code 429","service":"yojanamitra-sync","timestamp":"2026-02-21 01:09:37"}
{"level":"error","message":"API error 429 on /schemes/v6/public/schemes: Request failed with status code 429","service":"yojanamitra-sync","timestamp":"2026-02-21 01:09:38"}
{"level":"error","message":"  ✗ Failed: \"twp\" — Request failed with status code 429","service":"yojanamitra-sync","timestamp":"2026-02-21 01:09:38"}
{"level":"error","message":"API error 429 on /schemes/v6/public/schemes: Request failed with status code 429","service":"yojanamitra-sync","timestamp":"2026-02-21 01:09:38"}
{"level":"error","message":"  ✗ Failed: \"ssy-goa\" — Request failed with status code 429","service":"yojanamitra-sync","timestamp":"2026-02-21 01:09:38"}
{"level":"error","message":"API error 429 on /schemes/v6/public/schemes: Request failed with status code 429","service":"yojanamitra-sync","timestamp":"2026-02-21 01:09:38"}
{"level":"error","message":"  ✗ Failed: \"dmf-bp\" — Request failed with status code 429","service":"yojanamitra-sync","timestamp":"2026-02-21 01:09:38"}
{"level":"error","message":"API error 429 on /schemes/v6/public/schemes: Request failed with status code 429","service":"yojanamitra-sync","timestamp":"2026-02-21 01:09:39"}
{"level":"error","message":"  ✗ Failed: \"idsdco\" — Request failed with status code 429","service":"yojanamitra-sync","timestamp":"2026-02-21 01:09:39"}
{"level":"error","message":"API error 429 on /schemes/v6/public/schemes: Request failed with status code 429","service":"yojanamitra-sync","timestamp":"2026-02-21 01:09:39"}
{"level":"error","message":"  ✗ Failed: \"pfgfsp\" — Request failed with status code 429","service":"yojanamitra-sync","timestamp":"2026-02-21 01:09:39"}
{"level":"error","message":"API error 429 on /schemes/v6/public/schemes: Request failed with status code 429","service":"yojanamitra-sync","timestamp":"2026-02-21 01:09:39"}
{"level":"error","message":"  ✗ Failed: \"sp\" — Request failed with status code 429","service":"yojanamitra-sync","timestamp":"2026-02-21 01:09:39"}
{"level":"error","message":"API error 429 on /schemes/v6/public/schemes: Request failed with status code 429","service":"yojanamitra-sync","timestamp":"2026-02-21 01:09:40"}
{"level":"error","message":"  ✗ Failed: \"bty\" — Request failed with status code 429","service":"yojanamitra-sync","timestamp":"2026-02-21 01:09:40"}
{"level":"error","message":"API error 429 on /schemes/v6/public/schemes: Request failed with status code 429","service":"yojanamitra-sync","timestamp":"2026-02-21 01:09:40"}
{"level":"error","message":"  ✗ Failed: \"akjy\" — Request failed with status code 429","service":"yojanamitra-sync","timestamp":"2026-02-21 01:09:40"}
{"level":"error","message":"API error 429 on /schemes/v6/public/schemes: Request failed with status code 429","service":"yojanamitra-sync","timestamp":"2026-02-21 01:09:40"}
{"level":"error","message":"  ✗ Failed: \"stpmtdh\" — Request failed with status code 429","service":"yojanamitra-sync","timestamp":"2026-02-21 01:09:40"}
{"level":"error","message":"API error 429 on /schemes/v6/public/schemes: Request failed with status code 429","service":"yojanamitra-sync","timestamp":"2026-02-21 01:09:41"}
{"level":"error","message":"  ✗ Failed: \"des-g\" — Request failed with status code 429","service":"yojanamitra-sync","timestamp":"2026-02-21 01:09:41"}
{"level":"error","message":"API error 429 on /schemes/v6/public/schemes: Request failed with status code 429","service":"yojanamitra-sync","timestamp":"2026-02-21 01:09:41"}
{"level":"error","message":"  ✗ Failed: \"kccsf-cmfps\" — Request failed with status code 429","service":"yojanamitra-sync","timestamp":"2026-02-21 01:09:41"}
{"level":"error","message":"API error 429 on /schemes/v6/public/schemes: Request failed with status code 429","service":"yojanamitra-sync","timestamp":"2026-02-21 01:09:41"}
{"level":"error","message":"  ✗ Failed: \"apccap\" — Request failed with status code 429","service":"yojanamitra-sync","timestamp":"2026-02-21 01:09:41"}
{"level":"error","message":"API error 429 on /schemes/v6/public/schemes: Request failed with status code 429","service":"yojanamitra-sync","timestamp":"2026-02-21 01:09:42"}
{"level":"error","message":"  ✗ Failed: \"trainsugarfarmers\" — Request failed with status code 429","service":"yojanamitra-sync","timestamp":"2026-02-21 01:09:42"}
{"level":"error","message":"API error 429 on /schemes/v6/public/schemes: Request failed with status code 429","service":"yojanamitra-sync","timestamp":"2026-02-21 01:09:42"}
{"level":"error","message":"  ✗ Failed: \"sedpy\" — Request failed with status code 429","service":"yojanamitra-sync","timestamp":"2026-02-21 01:09:42"}
{"level":"error","message":"API error 429 on /schemes/v6/public/schemes: Request failed with status code 429","service":"yojanamitra-sync","timestamp":"2026-02-21 01:09:42"}
{"level":"error","message":"  ✗ Failed: \"dp-f\" — Request failed with status code 429","service":"yojanamitra-sync","timestamp":"2026-02-21 01:09:42"}
{"level":"error","message":"API error 429 on /schemes/v6/public/schemes: Request failed with status code 429","service":"yojanamitra-sync","timestamp":"2026-02-21 01:09:43"}
{"level":"error","message":"  ✗ Failed: \"ffds\" — Request failed with status code 429","service":"yojanamitra-sync","timestamp":"2026-02-21 01:09:43"}
{"level":"error","message":"API error 429 on /schemes/v6/public/schemes: Request failed with status code 429","service":"yojanamitra-sync","timestamp":"2026-02-21 01:09:43"}
{"level":"error","message":"  ✗ Failed: \"kk\" — Request failed with status code 429","service":"yojanamitra-sync","timestamp":"2026-02-21 01:09:43"}
{"level":"error","message":"API error 429 on /schemes/v6/public/schemes: Request failed with status code 429","service":"yojanamitra-sync","timestamp":"2026-02-21 01:09:43"}
{"level":"error","message":"  ✗ Failed: \"dmpy\" — Request failed with status code 429","service":"yojanamitra-sync","timestamp":"2026-02-21 01:09:43"}
{"level":"error","message":"API error 429 on /schemes/v6/public/schemes: Request failed with status code 429","service":"yojanamitra-sync","timestamp":"2026-02-21 01:09:43"}
{"level":"error","message":"  ✗ Failed: \"mebvy\" — Request failed with status code 429","service":"yojanamitra-sync","timestamp":"2026-02-21 01:09:43"}
{"level":"error","message":"API error 429 on /schemes/v6/public/schemes: Request failed with status code 429","service":"yojanamitra-sync","timestamp":"2026-02-21 01:09:43"}
{"level":"error","message":"  ✗ Failed: \"ku\" — Request failed with status code 429","service":"yojanamitra-sync","timestamp":"2026-02-21 01:09:43"}
{"level":"error","message":"API error 429 on /schemes/v6/public/schemes: Request failed with status code 429","service":"yojanamitra-sync","timestamp":"2026-02-21 01:09:43"}
{"level":"error","message":"  ✗ Failed: \"rv\" — Request failed with status code 429","service":"yojanamitra-sync","timestamp":"2026-02-21 01:09:43"}
{"level":"error","message":"API error 429 on /schemes/v6/public/schemes: Request failed with status code 429","service":"yojanamitra-sync","timestamp":"2026-02-21 01:09:44"}
{"level":"error","message":"  ✗ Failed: \"prtwp\" — Request failed with status code 429","service":"yojanamitra-sync","timestamp":"2026-02-21 01:09:44"}
{"level":"error","message":"API error 429 on /schemes/v6/public/schemes: Request failed with status code 429","service":"yojanamitra-sync","timestamp":"2026-02-21 01:09:44"}
{"level":"error","message":"  ✗ Failed: \"dsf\" — Request failed with status code 429","service":"yojanamitra-sync","timestamp":"2026-02-21 01:09:44"}
{"level":"error","message":"API error 429 on /schemes/v6/public/schemes: Request failed with status code 429","service":"yojanamitra-sync","timestamp":"2026-02-21 01:09:44"}
{"level":"error","message":"  ✗ Failed: \"fabofpak\" — Request failed with status code 429","service":"yojanamitra-sync","timestamp":"2026-02-21 01:09:44"}
{"level":"error","message":"API error 429 on /schemes/v6/public/schemes: Request failed with status code 429","service":"yojanamitra-sync","timestamp":"2026-02-21 01:09:45"}
{"level":"error","message":"  ✗ Failed: \"ae\" — Request failed with status code 429","service":"yojanamitra-sync","timestamp":"2026-02-21 01:09:45"}
{"level":"error","message":"API error 429 on /schemes/v6/public/schemes: Request failed with status code 429","service":"yojanamitra-sync","timestamp":"2026-02-21 01:09:45"}
{"level":"error","message":"  ✗ Failed: \"kcc\" — Request failed with status code 429","service":"yojanamitra-sync","timestamp":"2026-02-21 01:09:45"}
{"level":"error","message":"API error 429 on /schemes/v6/public/schemes: Request failed with status code 429","service":"yojanamitra-sync","timestamp":"2026-02-21 01:09:45"}
{"level":"error","message":"  ✗ Failed: \"pmvky\" — Request failed with status code 429","service":"yojanamitra-sync","timestamp":"2026-02-21 01:09:45"}
{"level":"error","message":"API error 429 on /schemes/v6/public/schemes: Request failed with status code 429","service":"yojanamitra-sync","timestamp":"2026-02-21 01:09:46"}
{"level":"error","message":"  ✗ Failed: \"mmksy\" — Request failed with status code 429","service":"yojanamitra-sync","timestamp":"2026-02-21 01:09:46"}
{"level":"error","message":"API error 429 on /schemes/v6/public/schemes: Request failed with status code 429","service":"yojanamitra-sync","timestamp":"2026-02-21 01:09:46"}
{"level":"error","message":"  ✗ Failed: \"pmfby\" — Request failed with status code 429","service":"yojanamitra-sync","timestamp":"2026-02-21 01:09:46"}
{"level":"error","message":"API error 429 on /schemes/v6/public/schemes: Request failed with status code 429","service":"yojanamitra-sync","timestamp":"2026-02-21 01:09:46"}
{"level":"error","message":"  ✗ Failed: \"kapy\" — Request failed with status code 429","service":"yojanamitra-sync","timestamp":"2026-02-21 01:09:46"}
{"level":"error","message":"API error 429 on /schemes/v6/public/schemes: Request failed with status code 429","service":"yojanamitra-sync","timestamp":"2026-02-21 01:09:47"}
{"level":"error","message":"  ✗ Failed: \"stl\" — Request failed with status code 429","service":"yojanamitra-sync","timestamp":"2026-02-21 01:09:47"}
{"level":"error","message":"API error 429 on /schemes/v6/public/schemes: Request failed with status code 429","service":"yojanamitra-sync","timestamp":"2026-02-21 01:09:47"}
{"level":"error","message":"  ✗ Failed: \"pss\" — Request failed with status code 429","service":"yojanamitra-sync","timestamp":"2026-02-21 01:09:47"}
{"level":"error","message":"API error 429 on /schemes/v6/public/schemes: Request failed with status code 429","service":"yojanamitra-sync","timestamp":"2026-02-21 01:09:47"}
{"level":"error","message":"  ✗ Failed: \"ffes\" — Request failed with status code 429","service":"yojanamitra-sync","timestamp":"2026-02-21 01:09:47"}
{"level":"error","message":"API error 429 on /schemes/v6/public/schemes: Request failed with status code 429","service":"yojanamitra-sync","timestamp":"2026-02-21 01:09:48"}
{"level":"error","message":"  ✗ Failed: \"mkusy\" — Request failed with status code 429","service":"yojanamitra-sync","timestamp":"2026-02-21 01:09:48"}
{"level":"error","message":"API error 429 on /schemes/v6/public/schemes: Request failed with status code 429","service":"yojanamitra-sync","timestamp":"2026-02-21 01:09:48"}
{"level":"error","message":"  ✗ Failed: \"sse100bbfsc\" — Request failed with status code 429","service":"yojanamitra-sync","timestamp":"2026-02-21 01:09:48"}
{"level":"error","message":"API error 429 on /schemes/v6/public/schemes: Request failed with status code 429","service":"yojanamitra-sync","timestamp":"2026-02-21 01:09:48"}
{"level":"error","message":"  ✗ Failed: \"ssegu10gcp\" — Request failed with status code 429","service":"yojanamitra-sync","timestamp":"2026-02-21 01:09:48"}
{"level":"error","message":"API error 429 on /schemes/v6/public/schemes: Request failed with status code 429","service":"yojanamitra-sync","timestamp":"2026-02-21 01:09:49"}
{"level":"error","message":"  ✗ Failed: \"asdtpwff\" — Request failed with status code 429","service":"yojanamitra-sync","timestamp":"2026-02-21 01:09:49"}
{"level":"error","message":"API error 429 on /schemes/v6/public/schemes: Request failed with status code 429","service":"yojanamitra-sync","timestamp":"2026-02-21 01:09:49"}
{"level":"error","message":"  ✗ Failed: \"asdtpwff\" — Request failed with status code 429","service":"yojanamitra-sync","timestamp":"2026-02-21 01:09:49"}
{"level":"error","message":"API error 429 on /schemes/v6/public/schemes: Request failed with status code 429","service":"yojanamitra-sync","timestamp":"2026-02-21 01:09:49"}
{"level":"error","message":"  ✗ Failed: \"sse25rbusc\" — Request failed with status code 429","service":"yojanamitra-sync","timestamp":"2026-02-21 01:09:49"}
{"level":"error","message":"API error 429 on /schemes/v6/public/schemes: Request failed with status code 429","service":"yojanamitra-sync","timestamp":"2026-02-21 01:09:50"}
{"level":"error","message":"  ✗ Failed: \"ksych\" — Request failed with status code 429","service":"yojanamitra-sync","timestamp":"2026-02-21 01:09:50"}
{"level":"error","message":"API error 429 on /schemes/v6/public/schemes: Request failed with status code 429","service":"yojanamitra-sync","timestamp":"2026-02-21 01:09:50"}
{"level":"error","message":"  ✗ Failed: \"bsyrj\" — Request failed with status code 429","service":"yojanamitra-sync","timestamp":"2026-02-21 01:09:50"}
{"level":"error","message":"API error 429 on /schemes/v6/public/schemes: Request failed with status code 429","service":"yojanamitra-sync","timestamp":"2026-02-21 01:09:50"}
{"level":"error","message":"  ✗ Failed: \"zbnf\" — Request failed with status code 429","service":"yojanamitra-sync","timestamp":"2026-02-21 01:09:50"}
{"level":"error","message":"API error 429 on /schemes/v6/public/schemes: Request failed with status code 429","service":"yojanamitra-sync","timestamp":"2026-02-21 01:09:51"}
{"level":"error","message":"  ✗ Failed: \"nmnf\" — Request failed with status code 429","service":"yojanamitra-sync","timestamp":"2026-02-21 01:09:51"}
{"level":"error","message":"API error 429 on /schemes/v6/public/schemes: Request failed with status code 429","service":"yojanamitra-sync","timestamp":"2026-02-21 01:09:51"}
{"level":"error","message":"  ✗ Failed: \"fapbnia\" — Request failed with status code 429","service":"yojanamitra-sync","timestamp":"2026-02-21 01:09:51"}
{"level":"error","message":"API error 429 on /schemes/v6/public/schemes: Request failed with status code 429","service":"yojanamitra-sync","timestamp":"2026-02-21 01:09:51"}
{"level":"error","message":"  ✗ Failed: \"isepqisrdceoplccn\" — Request failed with status code 429","service":"yojanamitra-sync","timestamp":"2026-02-21 01:09:51"}
{"level":"error","message":"API error 429 on /schemes/v6/public/schemes: Request failed with status code 429","service":"yojanamitra-sync","timestamp":"2026-02-21 01:09:52"}
{"level":"error","message":"  ✗ Failed: \"gvatbshsdocfvs\" — Request failed with status code 429","service":"yojanamitra-sync","timestamp":"2026-02-21 01:09:52"}
{"level":"error","message":"API error 429 on /schemes/v6/public/schemes: Request failed with status code 429","service":"yojanamitra-sync","timestamp":"2026-02-21 01:09:52"}
{"level":"error","message":"  ✗ Failed: \"fatuvas\" — Request failed with status code 429","service":"yojanamitra-sync","timestamp":"2026-02-21 01:09:52"}
{"level":"error","message":"API error 429 on /schemes/v6/public/schemes: Request failed with status code 429","service":"yojanamitra-sync","timestamp":"2026-02-21 01:09:52"}
{"level":"error","message":"  ✗ Failed: \"fafpfrgnrgnwa\" — Request failed with status code 429","service":"yojanamitra-sync","timestamp":"2026-02-21 01:09:52"}
{"level":"error","message":"API error 429 on /schemes/v6/public/schemes: Request failed with status code 429","service":"yojanamitra-sync","timestamp":"2026-02-21 01:09:53"}
{"level":"error","message":"  ✗ Failed: \"rsesthsdo-faascdmf\" — Request failed with status code 429","service":"yojanamitra-sync","timestamp":"2026-02-21 01:09:53"}
{"level":"error","message":"API error 429 on /schemes/v6/public/schemes: Request failed with status code 429","service":"yojanamitra-sync","timestamp":"2026-02-21 01:09:53"}
{"level":"error","message":"  ✗ Failed: \"islaaa\" — Request failed with status code 429","service":"yojanamitra-sync","timestamp":"2026-02-21 01:09:53"}
{"level":"error","message":"API error 429 on /schemes/v6/public/schemes: Request failed with status code 429","service":"yojanamitra-sync","timestamp":"2026-02-21 01:09:53"}
{"level":"error","message":"  ✗ Failed: \"ncrfs\" — Request failed with status code 429","service":"yojanamitra-sync","timestamp":"2026-02-21 01:09:53"}
{"level":"error","message":"API error 429 on /schemes/v6/public/schemes: Request failed with status code 429","service":"yojanamitra-sync","timestamp":"2026-02-21 01:09:53"}
{"level":"error","message":"  ✗ Failed: \"agfst\" — Request failed with status code 429","service":"yojanamitra-sync","timestamp":"2026-02-21 01:09:53"}
{"level":"error","message":"API error 429 on /schemes/v6/public/schemes: Request failed with status code 429","service":"yojanamitra-sync","timestamp":"2026-02-21 01:09:53"}
{"level":"error","message":"  ✗ Failed: \"ascfst\" — Request failed with status code 429","service":"yojanamitra-sync","timestamp":"2026-02-21 01:09:53"}
{"level":"error","message":"API error 429 on /schemes/v6/public/schemes: Request failed with status code 429","service":"yojanamitra-sync","timestamp":"2026-02-21 01:09:53"}
{"level":"error","message":"  ✗ Failed: \"fafwaf\" — Request failed with status code 429","service":"yojanamitra-sync","timestamp":"2026-02-21 01:09:53"}
{"level":"error","message":"API error 429 on /schemes/v6/public/schemes: Request failed with status code 429","service":"yojanamitra-sync","timestamp":"2026-02-21 01:09:54"}
{"level":"error","message":"  ✗ Failed: \"vds\" — Request failed with status code 429","service":"yojanamitra-sync","timestamp":"2026-02-21 01:09:54"}
{"level":"error","message":"API error 429 on /schemes/v6/public/schemes: Request failed with status code 429","service":"yojanamitra-sync","timestamp":"2026-02-21 01:09:54"}
{"level":"error","message":"  ✗ Failed: \"aispmis\" — Request failed with status code 429","service":"yojanamitra-sync","timestamp":"2026-02-21 01:09:54"}
{"level":"error","message":"API error 429 on /schemes/v6/public/schemes: Request failed with status code 429","service":"yojanamitra-sync","timestamp":"2026-02-21 01:09:54"}
{"level":"error","message":"  ✗ Failed: \"dsc\" — Request failed with status code 429","service":"yojanamitra-sync","timestamp":"2026-02-21 01:09:54"}
{"level":"error","message":"API error 429 on /schemes/v6/public/schemes: Request failed with status code 429","service":"yojanamitra-sync","timestamp":"2026-02-21 01:09:55"}
{"level":"error","message":"  ✗ Failed: \"hmneh\" — Request failed with status code 429","service":"yojanamitra-sync","timestamp":"2026-02-21 01:09:55"}
{"level":"error","message":"API error 429 on /schemes/v6/public/schemes: Request failed with status code 429","service":"yojanamitra-sync","timestamp":"2026-02-21 01:09:55"}
{"level":"error","message":"  ✗ Failed: \"midhhmneh-meghalaya\" — Request failed with status code 429","service":"yojanamitra-sync","timestamp":"2026-02-21 01:09:55"}
{"level":"error","message":"API error 429 on /schemes/v6/public/schemes: Request failed with status code 429","service":"yojanamitra-sync","timestamp":"2026-02-21 01:09:55"}
{"level":"error","message":"  ✗ Failed: \"pps\" — Request failed with status code 429","service":"yojanamitra-sync","timestamp":"2026-02-21 01:09:55"}
{"level":"error","message":"API error 429 on /schemes/v6/public/schemes: Request failed with status code 429","service":"yojanamitra-sync","timestamp":"2026-02-21 01:09:56"}
{"level":"error","message":"  ✗ Failed: \"pibeschc\" — Request failed with status code 429","service":"yojanamitra-sync","timestamp":"2026-02-21 01:09:56"}
{"level":"error","message":"API error 429 on /schemes/v6/public/schemes: Request failed with status code 429","service":"yojanamitra-sync","timestamp":"2026-02-21 01:09:56"}
{"level":"error","message":"  ✗ Failed: \"rctpm\" — Request failed with status code 429","service":"yojanamitra-sync","timestamp":"2026-02-21 01:09:56"}
{"level":"error","message":"API error 429 on /schemes/v6/public/schemes: Request failed with status code 429","service":"yojanamitra-sync","timestamp":"2026-02-21 01:09:56"}
{"level":"error","message":"  ✗ Failed: \"fpc\" — Request failed with status code 429","service":"yojanamitra-sync","timestamp":"2026-02-21 01:09:56"}
{"level":"error","message":"API error 429 on /schemes/v6/public/schemes: Request failed with status code 429","service":"yojanamitra-sync","timestamp":"2026-02-21 01:09:57"}
{"level":"error","message":"  ✗ Failed: \"aems\" — Request failed with status code 429","service":"yojanamitra-sync","timestamp":"2026-02-21 01:09:57"}
{"level":"error","message":"API error 429 on /schemes/v6/public/schemes: Request failed with status code 429","service":"yojanamitra-sync","timestamp":"2026-02-21 01:09:57"}
{"level":"error","message":"  ✗ Failed: \"srmiqc\" — Request failed with status code 429","service":"yojanamitra-sync","timestamp":"2026-02-21 01:09:57"}
{"level":"error","message":"API error 429 on /schemes/v6/public/schemes: Request failed with status code 429","service":"yojanamitra-sync","timestamp":"2026-02-21 01:09:57"}
{"level":"error","message":"  ✗ Failed: \"scfc-cpt\" — Request failed with status code 429","service":"yojanamitra-sync","timestamp":"2026-02-21 01:09:57"}
{"level":"error","message":"API error 429 on /schemes/v6/public/schemes: Request failed with status code 429","service":"yojanamitra-sync","timestamp":"2026-02-21 01:09:58"}
{"level":"error","message":"  ✗ Failed: \"spk\" — Request failed with status code 429","service":"yojanamitra-sync","timestamp":"2026-02-21 01:09:58"}
{"level":"error","message":"API error 429 on /schemes/v6/public/schemes: Request failed with status code 429","service":"yojanamitra-sync","timestamp":"2026-02-21 01:09:58"}
{"level":"error","message":"  ✗ Failed: \"batcs\" — Request failed with status code 429","service":"yojanamitra-sync","timestamp":"2026-02-21 01:09:58"}
{"level":"error","message":"API error 429 on /schemes/v6/public/schemes: Request failed with status code 429","service":"yojanamitra-sync","timestamp":"2026-02-21 01:09:58"}
{"level":"error","message":"  ✗ Failed: \"dsr\" — Request failed with status code 429","service":"yojanamitra-sync","timestamp":"2026-02-21 01:09:58"}
{"level":"error","message":"API error 429 on /schemes/v6/public/schemes: Request failed with status code 429","service":"yojanamitra-sync","timestamp":"2026-02-21 01:09:59"}
{"level":"error","message":"  ✗ Failed: \"kkt\" — Request failed with status code 429","service":"yojanamitra-sync","timestamp":"2026-02-21 01:09:59"}
{"level":"error","message":"API error 429 on /schemes/v6/public/schemes: Request failed with status code 429","service":"yojanamitra-sync","timestamp":"2026-02-21 01:09:59"}
{"level":"error","message":"  ✗ Failed: \"fsr\" — Request failed with status code 429","service":"yojanamitra-sync","timestamp":"2026-02-21 01:09:59"}
{"level":"error","message":"API error 429 on /schemes/v6/public/schemes: Request failed with status code 429","service":"yojanamitra-sync","timestamp":"2026-02-21 01:09:59"}
{"level":"error","message":"  ✗ Failed: \"ifmws\" — Request failed with status code 429","service":"yojanamitra-sync","timestamp":"2026-02-21 01:09:59"}
{"level":"error","message":"API error 429 on /schemes/v6/public/schemes: Request failed with status code 429","service":"yojanamitra-sync","timestamp":"2026-02-21 01:10:00"}
{"level":"error","message":"  ✗ Failed: \"rgkssy\" — Request failed with status code 429","service":"yojanamitra-sync","timestamp":"2026-02-21 01:10:00"}
{"level":"error","message":"API error 429 on /schemes/v6/public/schemes: Request failed with status code 429","service":"yojanamitra-sync","timestamp":"2026-02-21 01:10:00"}
{"level":"error","message":"  ✗ Failed: \"pm\" — Request failed with status code 429","service":"yojanamitra-sync","timestamp":"2026-02-21 01:10:00"}
{"level":"error","message":"API error 429 on /schemes/v6/public/schemes: Request failed with status code 429","service":"yojanamitra-sync","timestamp":"2026-02-21 01:10:00"}
{"level":"error","message":"  ✗ Failed: \"kt\" — Request failed with status code 429","service":"yojanamitra-sync","timestamp":"2026-02-21 01:10:00"}
{"level":"error","message":"API error 429 on /schemes/v6/public/schemes: Request failed with status code 429","service":"yojanamitra-sync","timestamp":"2026-02-21 01:10:01"}
{"level":"error","message":"  ✗ Failed: \"mpppy\" — Request failed with status code 429","service":"yojanamitra-sync","timestamp":"2026-02-21 01:10:01"}
{"level":"error","message":"API error 429 on /schemes/v6/public/schemes: Request failed with status code 429","service":"yojanamitra-sync","timestamp":"2026-02-21 01:10:01"}
{"level":"error","message":"  ✗ Failed: \"pby\" — Request failed with status code 429","service":"yojanamitra-sync","timestamp":"2026-02-21 01:10:01"}
{"level":"error","message":"API error 429 on /schemes/v6/public/schemes: Request failed with status code 429","service":"yojanamitra-sync","timestamp":"2026-02-21 01:10:01"}
{"level":"error","message":"  ✗ Failed: \"fmuifdsgc\" — Request failed with status code 429","service":"yojanamitra-sync","timestamp":"2026-02-21 01:10:01"}
{"level":"error","message":"API error 429 on /schemes/v6/public/schemes: Request failed with status code 429","service":"yojanamitra-sync","timestamp":"2026-02-21 01:10:02"}
{"level":"error","message":"  ✗ Failed: \"speoepsgugmmapuy\" — Request failed with status code 429","service":"yojanamitra-sync","timestamp":"2026-02-21 01:10:02"}
{"level":"error","message":"API error 429 on /schemes/v6/public/schemes: Request failed with status code 429","service":"yojanamitra-sync","timestamp":"2026-02-21 01:10:02"}
{"level":"error","message":"  ✗ Failed: \"msgsy\" — Request failed with status code 429","service":"yojanamitra-sync","timestamp":"2026-02-21 01:10:02"}
{"level":"error","message":"API error 429 on /schemes/v6/public/schemes: Request failed with status code 429","service":"yojanamitra-sync","timestamp":"2026-02-21 01:10:02"}
{"level":"error","message":"  ✗ Failed: \"ersplsbsg\" — Request failed with status code 429","service":"yojanamitra-sync","timestamp":"2026-02-21 01:10:02"}
{"level":"error","message":"API error 429 on /schemes/v6/public/schemes: Request failed with status code 429","service":"yojanamitra-sync","timestamp":"2026-02-21 01:10:02"}
{"level":"error","message":"  ✗ Failed: \"mpy-mcpnpky\" — Request failed with status code 429","service":"yojanamitra-sync","timestamp":"2026-02-21 01:10:02"}
{"level":"error","message":"API error 429 on /schemes/v6/public/schemes: Request failed with status code 429","service":"yojanamitra-sync","timestamp":"2026-02-21 01:10:02"}
{"level":"error","message":"  ✗ Failed: \"dogos\" — Request failed with status code 429","service":"yojanamitra-sync","timestamp":"2026-02-21 01:10:02"}
{"level":"error","message":"API error 429 on /schemes/v6/public/schemes: Request failed with status code 429","service":"yojanamitra-sync","timestamp":"2026-02-21 01:10:02"}
{"level":"error","message":"  ✗ Failed: \"domoppe\" — Request failed with status code 429","service":"yojanamitra-sync","timestamp":"2026-02-21 01:10:02"}
{"level":"error","message":"API error 429 on /schemes/v6/public/schemes: Request failed with status code 429","service":"yojanamitra-sync","timestamp":"2026-02-21 01:10:03"}
{"level":"error","message":"  ✗ Failed: \"qpsd\" — Request failed with status code 429","service":"yojanamitra-sync","timestamp":"2026-02-21 01:10:03"}
{"level":"error","message":"API error 429 on /schemes/v6/public/schemes: Request failed with status code 429","service":"yojanamitra-sync","timestamp":"2026-02-21 01:10:03"}
{"level":"error","message":"  ✗ Failed: \"ttf\" — Request failed with status code 429","service":"yojanamitra-sync","timestamp":"2026-02-21 01:10:03"}
{"level":"error","message":"API error 429 on /schemes/v6/public/schemes: Request failed with status code 429","service":"yojanamitra-sync","timestamp":"2026-02-21 01:10:03"}
{"level":"error","message":"  ✗ Failed: \"donpv\" — Request failed with status code 429","service":"yojanamitra-sync","timestamp":"2026-02-21 01:10:03"}
{"level":"error","message":"API error 429 on /schemes/v6/public/schemes: Request failed with status code 429","service":"yojanamitra-sync","timestamp":"2026-02-21 01:10:04"}
{"level":"error","message":"  ✗ Failed: \"obdtdaattnau\" — Request failed with status code 429","service":"yojanamitra-sync","timestamp":"2026-02-21 01:10:04"}
{"level":"error","message":"API error 429 on /schemes/v6/public/schemes: Request failed with status code 429","service":"yojanamitra-sync","timestamp":"2026-02-21 01:10:04"}
{"level":"error","message":"  ✗ Failed: \"obd\" — Request failed with status code 429","service":"yojanamitra-sync","timestamp":"2026-02-21 01:10:04"}
{"level":"error","message":"API error 429 on /schemes/v6/public/schemes: Request failed with status code 429","service":"yojanamitra-sync","timestamp":"2026-02-21 01:10:04"}
{"level":"error","message":"  ✗ Failed: \"pocsm\" — Request failed with status code 429","service":"yojanamitra-sync","timestamp":"2026-02-21 01:10:04"}
{"level":"error","message":"API error 429 on /schemes/v6/public/schemes: Request failed with status code 429","service":"yojanamitra-sync","timestamp":"2026-02-21 01:10:05"}
{"level":"error","message":"  ✗ Failed: \"npvy\" — Request failed with status code 429","service":"yojanamitra-sync","timestamp":"2026-02-21 01:10:05"}
{"level":"error","message":"API error 429 on /schemes/v6/public/schemes: Request failed with status code 429","service":"yojanamitra-sync","timestamp":"2026-02-21 01:10:05"}
{"level":"error","message":"  ✗ Failed: \"mbyavyb\" — Request failed with status code 429","service":"yojanamitra-sync","timestamp":"2026-02-21 01:10:05"}
{"level":"error","message":"API error 429 on /schemes/v6/public/schemes: Request failed with status code 429","service":"yojanamitra-sync","timestamp":"2026-02-21 01:10:05"}
{"level":"error","message":"  ✗ Failed: \"fpy\" — Request failed with status code 429","service":"yojanamitra-sync","timestamp":"2026-02-21 01:10:05"}
{"level":"error","message":"API error 429 on /schemes/v6/public/schemes: Request failed with status code 429","service":"yojanamitra-sync","timestamp":"2026-02-21 01:10:06"}
{"level":"error","message":"  ✗ Failed: \"slisc\" — Request failed with status code 429","service":"yojanamitra-sync","timestamp":"2026-02-21 01:10:06"}
{"level":"error","message":"API error 429 on /schemes/v6/public/schemes: Request failed with status code 429","service":"yojanamitra-sync","timestamp":"2026-02-21 01:10:06"}
{"level":"error","message":"  ✗ Failed: \"pdduspby\" — Request failed with status code 429","service":"yojanamitra-sync","timestamp":"2026-02-21 01:10:06"}
{"level":"error","message":"API error 429 on /schemes/v6/public/schemes: Request failed with status code 429","service":"yojanamitra-sync","timestamp":"2026-02-21 01:10:06"}
{"level":"error","message":"  ✗ Failed: \"psss\" — Request failed with status code 429","service":"yojanamitra-sync","timestamp":"2026-02-21 01:10:06"}
{"level":"error","message":"API error 429 on /schemes/v6/public/schemes: Request failed with status code 429","service":"yojanamitra-sync","timestamp":"2026-02-21 01:10:07"}
{"level":"error","message":"  ✗ Failed: \"spafof\" — Request failed with status code 429","service":"yojanamitra-sync","timestamp":"2026-02-21 01:10:07"}
{"level":"error","message":"API error 429 on /schemes/v6/public/schemes: Request failed with status code 429","service":"yojanamitra-sync","timestamp":"2026-02-21 01:10:07"}
{"level":"error","message":"  ✗ Failed: \"avg\" — Request failed with status code 429","service":"yojanamitra-sync","timestamp":"2026-02-21 01:10:07"}
{"level":"error","message":"API error 429 on /schemes/v6/public/schemes: Request failed with status code 429","service":"yojanamitra-sync","timestamp":"2026-02-21 01:10:07"}
{"level":"error","message":"  ✗ Failed: \"cmsmfops\" — Request failed with status code 429","service":"yojanamitra-sync","timestamp":"2026-02-21 01:10:07"}
{"level":"error","message":"API error 429 on /schemes/v6/public/schemes: Request failed with status code 429","service":"yojanamitra-sync","timestamp":"2026-02-21 01:10:08"}
{"level":"error","message":"  ✗ Failed: \"afccdwt\" — Request failed with status code 429","service":"yojanamitra-sync","timestamp":"2026-02-21 01:10:08"}
{"level":"error","message":"API error 429 on /schemes/v6/public/schemes: Request failed with status code 429","service":"yojanamitra-sync","timestamp":"2026-02-21 01:10:08"}
{"level":"error","message":"  ✗ Failed: \"paphsvc\" — Request failed with status code 429","service":"yojanamitra-sync","timestamp":"2026-02-21 01:10:08"}
{"level":"error","message":"API error 429 on /schemes/v6/public/schemes: Request failed with status code 429","service":"yojanamitra-sync","timestamp":"2026-02-21 01:10:08"}
{"level":"error","message":"  ✗ Failed: \"fsss\" — Request failed with status code 429","service":"yojanamitra-sync","timestamp":"2026-02-21 01:10:08"}
{"level":"error","message":"API error 429 on /schemes/v6/public/schemes: Request failed with status code 429","service":"yojanamitra-sync","timestamp":"2026-02-21 01:10:09"}
{"level":"error","message":"  ✗ Failed: \"cisfnc\" — Request failed with status code 429","service":"yojanamitra-sync","timestamp":"2026-02-21 01:10:09"}
{"level":"error","message":"API error 429 on /schemes/v6/public/schemes: Request failed with status code 429","service":"yojanamitra-sync","timestamp":"2026-02-21 01:10:09"}
{"level":"error","message":"  ✗ Failed: \"apfefcc\" — Request failed with status code 429","service":"yojanamitra-sync","timestamp":"2026-02-21 01:10:09"}
{"level":"error","message":"API error 429 on /schemes/v6/public/schemes: Request failed with status code 429","service":"yojanamitra-sync","timestamp":"2026-02-21 01:10:09"}
{"level":"error","message":"  ✗ Failed: \"afaesp\" — Request failed with status code 429","service":"yojanamitra-sync","timestamp":"2026-02-21 01:10:09"}
{"level":"error","message":"API error 429 on /schemes/v6/public/schemes: Request failed with status code 429","service":"yojanamitra-sync","timestamp":"2026-02-21 01:10:10"}
{"level":"error","message":"  ✗ Failed: \"afpdccs\" — Request failed with status code 429","service":"yojanamitra-sync","timestamp":"2026-02-21 01:10:10"}
{"level":"error","message":"API error 429 on /schemes/v6/public/schemes: Request failed with status code 429","service":"yojanamitra-sync","timestamp":"2026-02-21 01:10:10"}
{"level":"error","message":"  ✗ Failed: \"sefavc\" — Request failed with status code 429","service":"yojanamitra-sync","timestamp":"2026-02-21 01:10:10"}
{"level":"error","message":"API error 429 on /schemes/v6/public/schemes: Request failed with status code 429","service":"yojanamitra-sync","timestamp":"2026-02-21 01:10:10"}
{"level":"error","message":"  ✗ Failed: \"apclfdf\" — Request failed with status code 429","service":"yojanamitra-sync","timestamp":"2026-02-21 01:10:10"}
{"level":"error","message":"API error 429 on /schemes/v6/public/schemes: Request failed with status code 429","service":"yojanamitra-sync","timestamp":"2026-02-21 01:10:11"}
{"level":"error","message":"  ✗ Failed: \"pobahad\" — Request failed with status code 429","service":"yojanamitra-sync","timestamp":"2026-02-21 01:10:11"}
{"level":"error","message":"API error 429 on /schemes/v6/public/schemes: Request failed with status code 429","service":"yojanamitra-sync","timestamp":"2026-02-21 01:10:11"}
{"level":"error","message":"  ✗ Failed: \"mcwibs\" — Request failed with status code 429","service":"yojanamitra-sync","timestamp":"2026-02-21 01:10:11"}
{"level":"error","message":"API error 429 on /schemes/v6/public/schemes: Request failed with status code 429","service":"yojanamitra-sync","timestamp":"2026-02-21 01:10:11"}
{"level":"error","message":"  ✗ Failed: \"cmfs\" — Request failed with status code 429","service":"yojanamitra-sync","timestamp":"2026-02-21 01:10:11"}
{"level":"error","message":"API error 429 on /schemes/v6/public/schemes: Request failed with status code 429","service":"yojanamitra-sync","timestamp":"2026-02-21 01:10:12"}
{"level":"error","message":"  ✗ Failed: \"ivs\" — Request failed with status code 429","service":"yojanamitra-sync","timestamp":"2026-02-21 01:10:12"}
{"level":"error","message":"API error 429 on /schemes/v6/public/schemes: Request failed with status code 429","service":"yojanamitra-sync","timestamp":"2026-02-21 01:10:12"}
{"level":"error","message":"  ✗ Failed: \"sfipcsomtc\" — Request failed with status code 429","service":"yojanamitra-sync","timestamp":"2026-02-21 01:10:12"}
{"level":"error","message":"API error 429 on /schemes/v6/public/schemes: Request failed with status code 429","service":"yojanamitra-sync","timestamp":"2026-02-21 01:10:12"}
{"level":"error","message":"  ✗ Failed: \"sfipcsomc\" — Request failed with status code 429","service":"yojanamitra-sync","timestamp":"2026-02-21 01:10:12"}
{"level":"error","message":"API error 429 on /schemes/v6/public/schemes: Request failed with status code 429","service":"yojanamitra-sync","timestamp":"2026-02-21 01:10:13"}
{"level":"error","message":"  ✗ Failed: \"lffmpc20td\" — Request failed with status code 429","service":"yojanamitra-sync","timestamp":"2026-02-21 01:10:13"}
{"level":"error","message":"API error 429 on /schemes/v6/public/schemes: Request failed with status code 429","service":"yojanamitra-sync","timestamp":"2026-02-21 01:10:13"}
{"level":"error","message":"  ✗ Failed: \"sfipcsom\" — Request failed with status code 429","service":"yojanamitra-sync","timestamp":"2026-02-21 01:10:13"}
{"level":"error","message":"API error 429 on /schemes/v6/public/schemes: Request failed with status code 429","service":"yojanamitra-sync","timestamp":"2026-02-21 01:10:13"}
{"level":"error","message":"  ✗ Failed: \"swhsds\" — Request failed with status code 429","service":"yojanamitra-sync","timestamp":"2026-02-21 01:10:13"}
{"level":"error","message":"API error 429 on /schemes/v6/public/schemes: Request failed with status code 429","service":"yojanamitra-sync","timestamp":"2026-02-21 01:10:13"}
{"level":"error","message":"  ✗ Failed: \"mffmpc2td\" — Request failed with status code 429","service":"yojanamitra-sync","timestamp":"2026-02-21 01:10:13"}
{"level":"error","message":"API error 429 on /schemes/v6/public/schemes: Request failed with status code 429","service":"yojanamitra-sync","timestamp":"2026-02-21 01:10:13"}
{"level":"error","message":"  ✗ Failed: \"soipfsci\" — Request failed with status code 429","service":"yojanamitra-sync","timestamp":"2026-02-21 01:10:13"}
{"level":"error","message":"API error 429 on /schemes/v6/public/schemes: Request failed with status code 429","service":"yojanamitra-sync","timestamp":"2026-02-21 01:10:13"}
{"level":"error","message":"  ✗ Failed: \"mffmpc8tds\" — Request failed with status code 429","service":"yojanamitra-sync","timestamp":"2026-02-21 01:10:14"}
{"level":"error","message":"API error 429 on /schemes/v6/public/schemes: Request failed with status code 429","service":"yojanamitra-sync","timestamp":"2026-02-21 01:10:14"}
{"level":"error","message":"  ✗ Failed: \"pgtkvn\" — Request failed with status code 429","service":"yojanamitra-sync","timestamp":"2026-02-21 01:10:14"}
{"level":"error","message":"API error 429 on /schemes/v6/public/schemes: Request failed with status code 429","service":"yojanamitra-sync","timestamp":"2026-02-21 01:10:14"}
{"level":"error","message":"  ✗ Failed: \"pmmsyelrasguj\" — Request failed with status code 429","service":"yojanamitra-sync","timestamp":"2026-02-21 01:10:14"}
{"level":"error","message":"API error 429 on /schemes/v6/public/schemes: Request failed with status code 429","service":"yojanamitra-sync","timestamp":"2026-02-21 01:10:14"}
{"level":"error","message":"  ✗ Failed: \"so1ylm\" — Request failed with status code 429","service":"yojanamitra-sync","timestamp":"2026-02-21 01:10:14"}
{"level":"error","message":"API error 429 on /schemes/v6/public/schemes: Request failed with status code 429","service":"yojanamitra-sync","timestamp":"2026-02-21 01:10:15"}
{"level":"error","message":"  ✗ Failed: \"smspguj\" — Request failed with status code 429","service":"yojanamitra-sync","timestamp":"2026-02-21 01:10:15"}
{"level":"error","message":"API error 429 on /schemes/v6/public/schemes: Request failed with status code 429","service":"yojanamitra-sync","timestamp":"2026-02-21 01:10:15"}
{"level":"error","message":"  ✗ Failed: \"pmmsyemrguj\" — Request failed with status code 429","service":"yojanamitra-sync","timestamp":"2026-02-21 01:10:15"}
{"level":"error","message":"API error 429 on /schemes/v6/public/schemes: Request failed with status code 429","service":"yojanamitra-sync","timestamp":"2026-02-21 01:10:15"}
{"level":"error","message":"  ✗ Failed: \"pmmsyebymguj\" — Request failed with status code 429","service":"yojanamitra-sync","timestamp":"2026-02-21 01:10:15"}
{"level":"error","message":"API error 429 on /schemes/v6/public/schemes: Request failed with status code 429","service":"yojanamitra-sync","timestamp":"2026-02-21 01:10:16"}
{"level":"error","message":"  ✗ Failed: \"pmmsyifaguj\" — Request failed with status code 429","service":"yojanamitra-sync","timestamp":"2026-02-21 01:10:16"}
{"level":"error","message":"API error 429 on /schemes/v6/public/schemes: Request failed with status code 429","service":"yojanamitra-sync","timestamp":"2026-02-21 01:10:16"}
{"level":"error","message":"  ✗ Failed: \"spafbgmt\" — Request failed with status code 429","service":"yojanamitra-sync","timestamp":"2026-02-21 01:10:16"}
{"level":"error","message":"API error 429 on /schemes/v6/public/schemes: Request failed with status code 429","service":"yojanamitra-sync","timestamp":"2026-02-21 01:10:16"}
{"level":"error","message":"  ✗ Failed: \"mfihdg\" — Request failed with status code 429","service":"yojanamitra-sync","timestamp":"2026-02-21 01:10:16"}
{"level":"error","message":"API error 429 on /schemes/v6/public/schemes: Request failed with status code 429","service":"yojanamitra-sync","timestamp":"2026-02-21 01:10:17"}
{"level":"error","message":"  ✗ Failed: \"dsmpvhscfguj\" — Request failed with status code 429","service":"yojanamitra-sync","timestamp":"2026-02-21 01:10:17"}
{"level":"error","message":"API error 429 on /schemes/v6/public/schemes: Request failed with status code 429","service":"yojanamitra-sync","timestamp":"2026-02-21 01:10:17"}
{"level":"error","message":"  ✗ Failed: \"scspdsfik\" — Request failed with status code 429","service":"yojanamitra-sync","timestamp":"2026-02-21 01:10:17"}
{"level":"error","message":"API error 429 on /schemes/v6/public/schemes: Request failed with status code 429","service":"yojanamitra-sync","timestamp":"2026-02-21 01:10:17"}
{"level":"error","message":"  ✗ Failed: \"atcista\" — Request failed with status code 429","service":"yojanamitra-sync","timestamp":"2026-02-21 01:10:17"}
{"level":"error","message":"API error 429 on /schemes/v6/public/schemes: Request failed with status code 429","service":"yojanamitra-sync","timestamp":"2026-02-21 01:10:19"}
{"level":"error","message":"  ✗ Failed: \"nmsa-pkvy\" — Request failed with status code 429","service":"yojanamitra-sync","timestamp":"2026-02-21 01:10:19"}
{"level":"error","message":"API error 429 on /schemes/v6/public/schemes: Request failed with status code 429","service":"yojanamitra-sync","timestamp":"2026-02-21 01:10:19"}
{"level":"error","message":"  ✗ Failed: \"wscp\" — Request failed with status code 429","service":"yojanamitra-sync","timestamp":"2026-02-21 01:10:19"}
{"level":"error","message":"API error 429 on /schemes/v6/public/schemes: Request failed with status code 429","service":"yojanamitra-sync","timestamp":"2026-02-21 01:10:19"}
{"level":"error","message":"  ✗ Failed: \"dsmpvsfpppguj\" — Request failed with status code 429","service":"yojanamitra-sync","timestamp":"2026-02-21 01:10:19"}
{"level":"error","message":"API error 429 on /schemes/v6/public/schemes: Request failed with status code 429","service":"yojanamitra-sync","timestamp":"2026-02-21 01:10:20"}
{"level":"error","message":"  ✗ Failed: \"gsevp\" — Request failed with status code 429","service":"yojanamitra-sync","timestamp":"2026-02-21 01:10:20"}
{"level":"error","message":"API error 429 on /schemes/v6/public/schemes: Request failed with status code 429","service":"yojanamitra-sync","timestamp":"2026-02-21 01:10:20"}
{"level":"error","message":"  ✗ Failed: \"aaevcths\" — Request failed with status code 429","service":"yojanamitra-sync","timestamp":"2026-02-21 01:10:20"}
{"level":"error","message":"API error 429 on /schemes/v6/public/schemes: Request failed with status code 429","service":"yojanamitra-sync","timestamp":"2026-02-21 01:10:20"}
{"level":"error","message":"  ✗ Failed: \"aeofsg\" — Request failed with status code 429","service":"yojanamitra-sync","timestamp":"2026-02-21 01:10:20"}
{"level":"error","message":"API error 429 on /schemes/v6/public/schemes: Request failed with status code 429","service":"yojanamitra-sync","timestamp":"2026-02-21 01:10:21"}
{"level":"error","message":"  ✗ Failed: \"tpehw\" — Request failed with status code 429","service":"yojanamitra-sync","timestamp":"2026-02-21 01:10:21"}
{"level":"error","message":"API error 429 on /schemes/v6/public/schemes: Request failed with status code 429","service":"yojanamitra-sync","timestamp":"2026-02-21 01:10:21"}
{"level":"error","message":"  ✗ Failed: \"sfbothw\" — Request failed with status code 429","service":"yojanamitra-sync","timestamp":"2026-02-21 01:10:21"}
{"level":"error","message":"API error 429 on /schemes/v6/public/schemes: Request failed with status code 429","service":"yojanamitra-sync","timestamp":"2026-02-21 01:10:21"}
{"level":"error","message":"  ✗ Failed: \"sfbotw\" — Request failed with status code 429","service":"yojanamitra-sync","timestamp":"2026-02-21 01:10:21"}
{"level":"error","message":"API error 429 on /schemes/v6/public/schemes: Request failed with status code 429","service":"yojanamitra-sync","timestamp":"2026-02-21 01:10:21"}
{"level":"error","message":"  ✗ Failed: \"fadfbstscpbde\" — Request failed with status code 429","service":"yojanamitra-sync","timestamp":"2026-02-21 01:10:21"}
{"level":"error","message":"API error 429 on /schemes/v6/public/schemes: Request failed with status code 429","service":"yojanamitra-sync","timestamp":"2026-02-21 01:10:21"}
{"level":"error","message":"  ✗ Failed: \"mdadp\" — Request failed with status code 429","service":"yojanamitra-sync","timestamp":"2026-02-21 01:10:21"}
{"level":"error","message":"API error 429 on /schemes/v6/public/schemes: Request failed with status code 429","service":"yojanamitra-sync","timestamp":"2026-02-21 01:10:21"}
{"level":"error","message":"  ✗ Failed: \"nlmeds\" — Request failed with status code 429","service":"yojanamitra-sync","timestamp":"2026-02-21 01:10:21"}
{"level":"error","message":"API error 429 on /schemes/v6/public/schemes: Request failed with status code 429","service":"yojanamitra-sync","timestamp":"2026-02-21 01:10:22"}
{"level":"error","message":"  ✗ Failed: \"nsymp\" — Request failed with status code 429","service":"yojanamitra-sync","timestamp":"2026-02-21 01:10:22"}
{"level":"error","message":"API error 429 on /schemes/v6/public/schemes: Request failed with status code 429","service":"yojanamitra-sync","timestamp":"2026-02-21 01:10:22"}
{"level":"error","message":"  ✗ Failed: \"scsp-ewscf\" — Request failed with status code 429","service":"yojanamitra-sync","timestamp":"2026-02-21 01:10:22"}
{"level":"error","message":"API error 429 on /schemes/v6/public/schemes: Request failed with status code 429","service":"yojanamitra-sync","timestamp":"2026-02-21 01:10:22"}
{"level":"error","message":"  ✗ Failed: \"tpoml\" — Request failed with status code 429","service":"yojanamitra-sync","timestamp":"2026-02-21 01:10:22"}
{"level":"error","message":"API error NETWORK on /schemes/v6/public/schemes: read ECONNRESET","service":"yojanamitra-sync","timestamp":"2026-02-21 12:13:17"}
{"level":"error","message":"API error NETWORK on /schemes/v6/public/schemes: timeout of 10000ms exceeded","service":"yojanamitra-sync","timestamp":"2026-02-21 12:17:33"}
{"level":"error","message":"API error NETWORK on /schemes/v6/public/schemes: timeout of 10000ms exceeded","service":"yojanamitra-sync","timestamp":"2026-02-21 12:17:33"}
{"level":"error","message":"API error NETWORK on /schemes/v6/public/schemes: timeout of 10000ms exceeded","service":"yojanamitra-sync","timestamp":"2026-02-21 12:17:33"}
{"level":"error","message":"API error NETWORK on /schemes/v6/public/schemes: getaddrinfo ENOTFOUND api.myscheme.gov.in","service":"yojanamitra-sync","timestamp":"2026-02-21 12:17:35"}
{"level":"error","message":"API error NETWORK on /schemes/v6/public/schemes: getaddrinfo ENOTFOUND api.myscheme.gov.in","service":"yojanamitra-sync","timestamp":"2026-02-21 12:17:35"}
{"level":"error","message":"API error NETWORK on /schemes/v6/public/schemes: getaddrinfo ENOTFOUND api.myscheme.gov.in","service":"yojanamitra-sync","timestamp":"2026-02-21 12:17:35"}
{"level":"error","message":"API error NETWORK on /schemes/v6/public/schemes: getaddrinfo ENOTFOUND api.myscheme.gov.in","service":"yojanamitra-sync","timestamp":"2026-02-21 12:17:39"}
{"level":"error","message":"All 3 attempts failed for fetchScheme:itg: getaddrinfo ENOTFOUND api.myscheme.gov.in","service":"yojanamitra-sync","timestamp":"2026-02-21 12:17:39"}
{"level":"error","message":"  ✗ Failed: \"itg\" — getaddrinfo ENOTFOUND api.myscheme.gov.in","service":"yojanamitra-sync","timestamp":"2026-02-21 12:17:39"}
{"level":"error","message":"API error NETWORK on /schemes/v6/public/schemes: getaddrinfo ENOTFOUND api.myscheme.gov.in","service":"yojanamitra-sync","timestamp":"2026-02-21 12:17:39"}
{"level":"error","message":"All 3 attempts failed for fetchScheme:ipwccb: getaddrinfo ENOTFOUND api.myscheme.gov.in","service":"yojanamitra-sync","timestamp":"2026-02-21 12:17:39"}
{"level":"error","message":"  ✗ Failed: \"ipwccb\" — getaddrinfo ENOTFOUND api.myscheme.gov.in","service":"yojanamitra-sync","timestamp":"2026-02-21 12:17:39"}
{"level":"error","message":"API error NETWORK on /schemes/v6/public/schemes: getaddrinfo ENOTFOUND api.myscheme.gov.in","service":"yojanamitra-sync","timestamp":"2026-02-21 12:17:39"}
{"level":"error","message":"All 3 attempts failed for fetchScheme:nfsmcss: getaddrinfo ENOTFOUND api.myscheme.gov.in","service":"yojanamitra-sync","timestamp":"2026-02-21 12:17:39"}
{"level":"error","message":"  ✗ Failed: \"nfsmcss\" — getaddrinfo ENOTFOUND api.myscheme.gov.in","service":"yojanamitra-sync","timestamp":"2026-02-21 12:17:39"}
{"level":"error","message":"API error NETWORK on /schemes/v6/public/schemes: getaddrinfo ENOTFOUND api.myscheme.gov.in","service":"yojanamitra-sync","timestamp":"2026-02-21 12:17:41"}
{"level":"error","message":"API error NETWORK on /schemes/v6/public/schemes: getaddrinfo ENOTFOUND api.myscheme.gov.in","service":"yojanamitra-sync","timestamp":"2026-02-21 12:17:41"}
{"level":"error","message":"API error NETWORK on /schemes/v6/public/schemes: getaddrinfo ENOTFOUND api.myscheme.gov.in","service":"yojanamitra-sync","timestamp":"2026-02-21 12:17:41"}
{"level":"error","message":"API error NETWORK on /schemes/v6/public/schemes: getaddrinfo ENOTFOUND api.myscheme.gov.in","service":"yojanamitra-sync","timestamp":"2026-02-21 12:17:43"}
{"level":"error","message":"API error NETWORK on /schemes/v6/public/schemes: getaddrinfo ENOTFOUND api.myscheme.gov.in","service":"yojanamitra-sync","timestamp":"2026-02-21 12:17:43"}
{"level":"error","message":"API error NETWORK on /schemes/v6/public/schemes: getaddrinfo ENOTFOUND api.myscheme.gov.in","service":"yojanamitra-sync","timestamp":"2026-02-21 12:17:43"}
{"level":"error","message":"API error NETWORK on /schemes/v6/public/schemes: getaddrinfo ENOTFOUND api.myscheme.gov.in","service":"yojanamitra-sync","timestamp":"2026-02-21 12:17:47"}
{"level":"error","message":"All 3 attempts failed for fetchScheme:cdpnerqucsbp: getaddrinfo ENOTFOUND api.myscheme.gov.in","service":"yojanamitra-sync","timestamp":"2026-02-21 12:17:47"}
{"level":"error","message":"  ✗ Failed: \"cdpnerqucsbp\" — getaddrinfo ENOTFOUND api.myscheme.gov.in","service":"yojanamitra-sync","timestamp":"2026-02-21 12:17:47"}
{"level":"error","message":"API error NETWORK on /schemes/v6/public/schemes: getaddrinfo ENOTFOUND api.myscheme.gov.in","service":"yojanamitra-sync","timestamp":"2026-02-21 12:17:47"}
{"level":"error","message":"All 3 attempts failed for fetchScheme:cdpnerqucdy: getaddrinfo ENOTFOUND api.myscheme.gov.in","service":"yojanamitra-sync","timestamp":"2026-02-21 12:17:47"}
{"level":"error","message":"  ✗ Failed: \"cdpnerqucdy\" — getaddrinfo ENOTFOUND api.myscheme.gov.in","service":"yojanamitra-sync","timestamp":"2026-02-21 12:17:47"}
{"level":"error","message":"API error NETWORK on /schemes/v6/public/schemes: getaddrinfo ENOTFOUND api.myscheme.gov.in","service":"yojanamitra-sync","timestamp":"2026-02-21 12:17:47"}
{"level":"error","message":"All 3 attempts failed for fetchScheme:fapsnsrna: getaddrinfo ENOTFOUND api.myscheme.gov.in","service":"yojanamitra-sync","timestamp":"2026-02-21 12:17:47"}
{"level":"error","message":"  ✗ Failed: \"fapsnsrna\" — getaddrinfo ENOTFOUND api.myscheme.gov.in","service":"yojanamitra-sync","timestamp":"2026-02-21 12:17:47"}
{"level":"error","message":"API error NETWORK on /schemes/v6/public/schemes: getaddrinfo ENOTFOUND api.myscheme.gov.in","service":"yojanamitra-sync","timestamp":"2026-02-21 12:17:49"}
{"level":"error","message":"API error NETWORK on /schemes/v6/public/schemes: getaddrinfo ENOTFOUND api.myscheme.gov.in","service":"yojanamitra-sync","timestamp":"2026-02-21 12:17:49"}
{"level":"error","message":"API error NETWORK on /schemes/v6/public/schemes: getaddrinfo ENOTFOUND api.myscheme.gov.in","service":"yojanamitra-sync","timestamp":"2026-02-21 12:17:49"}
{"level":"error","message":"API error NETWORK on /schemes/v6/public/schemes: read ECONNRESET","service":"yojanamitra-sync","timestamp":"2026-02-21 12:19:48"}
{"level":"error","message":"API error NETWORK on /schemes/v6/public/schemes: read ECONNRESET","service":"yojanamitra-sync","timestamp":"2026-02-21 12:19:54"}
{"level":"error","message":"Failed to connect to MongoDB: querySrv ECONNREFUSED _mongodb._tcp.cluster0.0z8waq6.mongodb.net","service":"yojanamitra-sync","timestamp":"2026-02-21 17:26:44"}
{"level":"error","message":"Critical sync error: querySrv ECONNREFUSED _mongodb._tcp.cluster0.0z8waq6.mongodb.net","service":"yojanamitra-sync","stack":"Error: querySrv ECONNREFUSED _mongodb._tcp.cluster0.0z8waq6.mongodb.net\n    at QueryReqWrap.onresolve [as oncomplete] (node:internal/dns/promises:294:17)","timestamp":"2026-02-21 17:26:44"}
{"level":"error","message":"Fatal error during standalone sync querySrv ECONNREFUSED _mongodb._tcp.cluster0.0z8waq6.mongodb.net","service":"yojanamitra-sync","timestamp":"2026-02-21 17:26:54"}
{"level":"error","message":"Failed to connect to MongoDB: querySrv ECONNREFUSED _mongodb._tcp.cluster0.0z8waq6.mongodb.net","service":"yojanamitra-sync","timestamp":"2026-02-21 17:27:19"}
{"level":"error","message":"Critical sync error: querySrv ECONNREFUSED _mongodb._tcp.cluster0.0z8waq6.mongodb.net","service":"yojanamitra-sync","stack":"Error: querySrv ECONNREFUSED _mongodb._tcp.cluster0.0z8waq6.mongodb.net\n    at QueryReqWrap.onresolve [as oncomplete] (node:internal/dns/promises:294:17)","timestamp":"2026-02-21 17:27:19"}
{"level":"error","message":"Fatal error during standalone sync querySrv ECONNREFUSED _mongodb._tcp.cluster0.0z8waq6.mongodb.net","service":"yojanamitra-sync","timestamp":"2026-02-21 17:27:29"}
{"level":"error","message":"Failed to connect to MongoDB: querySrv ECONNREFUSED _mongodb._tcp.cluster0.luyikgf.mongodb.net","service":"yojanamitra-sync","timestamp":"2026-02-21 17:37:02"}
{"level":"error","message":"Critical sync error: querySrv ECONNREFUSED _mongodb._tcp.cluster0.luyikgf.mongodb.net","service":"yojanamitra-sync","stack":"Error: querySrv ECONNREFUSED _mongodb._tcp.cluster0.luyikgf.mongodb.net\n    at QueryReqWrap.onresolve [as oncomplete] (node:internal/dns/promises:294:17)","timestamp":"2026-02-21 17:37:02"}
{"level":"error","message":"Fatal error during standalone sync querySrv ECONNREFUSED _mongodb._tcp.cluster0.luyikgf.mongodb.net","service":"yojanamitra-sync","timestamp":"2026-02-21 17:37:12"}
{"level":"error","message":"Failed to connect to MongoDB: querySrv ECONNREFUSED _mongodb._tcp.cluster0.luyikgf.mongodb.net","service":"yojanamitra-sync","timestamp":"2026-02-21 17:40:10"}
{"level":"error","message":"Critical sync error: querySrv ECONNREFUSED _mongodb._tcp.cluster0.luyikgf.mongodb.net","service":"yojanamitra-sync","stack":"Error: querySrv ECONNREFUSED _mongodb._tcp.cluster0.luyikgf.mongodb.net\n    at QueryReqWrap.onresolve [as oncomplete] (node:internal/dns/promises:294:17)","timestamp":"2026-02-21 17:40:10"}
{"level":"error","message":"Fatal error during standalone sync querySrv ECONNREFUSED _mongodb._tcp.cluster0.luyikgf.mongodb.net","service":"yojanamitra-sync","timestamp":"2026-02-21 17:40:20"}
{"level":"error","message":"Failed to connect to MongoDB: querySrv ECONNREFUSED _mongodb._tcp.cluster0.0z8waq6.mongodb.net","service":"yojanamitra-sync","timestamp":"2026-02-21 17:44:44"}
{"level":"error","message":"Critical sync error: querySrv ECONNREFUSED _mongodb._tcp.cluster0.0z8waq6.mongodb.net","service":"yojanamitra-sync","stack":"Error: querySrv ECONNREFUSED _mongodb._tcp.cluster0.0z8waq6.mongodb.net\n    at QueryReqWrap.onresolve [as oncomplete] (node:internal/dns/promises:294:17)","timestamp":"2026-02-21 17:44:44"}
{"level":"error","message":"Fatal error during standalone sync querySrv ECONNREFUSED _mongodb._tcp.cluster0.0z8waq6.mongodb.net","service":"yojanamitra-sync","timestamp":"2026-02-21 17:44:54"}
{"level":"error","message":"Failed to connect to MongoDB: querySrv ECONNREFUSED _mongodb._tcp.cluster0.luyikgf.mongodb.net","service":"yojanamitra-sync","timestamp":"2026-02-21 17:46:11"}
{"level":"error","message":"Critical sync error: querySrv ECONNREFUSED _mongodb._tcp.cluster0.luyikgf.mongodb.net","service":"yojanamitra-sync","stack":"Error: querySrv ECONNREFUSED _mongodb._tcp.cluster0.luyikgf.mongodb.net\n    at QueryReqWrap.onresolve [as oncomplete] (node:internal/dns/promises:294:17)","timestamp":"2026-02-21 17:46:11"}
{"level":"error","message":"Fatal error during standalone sync querySrv ECONNREFUSED _mongodb._tcp.cluster0.luyikgf.mongodb.net","service":"yojanamitra-sync","timestamp":"2026-02-21 17:46:21"}
{"level":"error","message":"Failed to connect to MongoDB: querySrv ECONNREFUSED _mongodb._tcp.cluster0.luyikgf.mongodb.net","service":"yojanamitra-sync","timestamp":"2026-02-21 17:47:43"}
{"level":"error","message":"Critical sync error: querySrv ECONNREFUSED _mongodb._tcp.cluster0.luyikgf.mongodb.net","service":"yojanamitra-sync","stack":"Error: querySrv ECONNREFUSED _mongodb._tcp.cluster0.luyikgf.mongodb.net\n    at QueryReqWrap.onresolve [as oncomplete] (node:internal/dns/promises:294:17)","timestamp":"2026-02-21 17:47:43"}
{"level":"error","message":"Fatal error during standalone sync querySrv ECONNREFUSED _mongodb._tcp.cluster0.luyikgf.mongodb.net","service":"yojanamitra-sync","timestamp":"2026-02-21 17:47:53"}
{"level":"error","message":"Failed to connect to MongoDB: querySrv ECONNREFUSED _mongodb._tcp.cluster0.luyikgf.mongodb.net","service":"yojanamitra-sync","timestamp":"2026-02-21 17:49:52"}
{"level":"error","message":"Critical sync error: querySrv ECONNREFUSED _mongodb._tcp.cluster0.luyikgf.mongodb.net","service":"yojanamitra-sync","stack":"Error: querySrv ECONNREFUSED _mongodb._tcp.cluster0.luyikgf.mongodb.net\n    at QueryReqWrap.onresolve [as oncomplete] (node:internal/dns/promises:294:17)","timestamp":"2026-02-21 17:49:52"}
{"level":"error","message":"Fatal error during standalone sync querySrv ECONNREFUSED _mongodb._tcp.cluster0.luyikgf.mongodb.net","service":"yojanamitra-sync","timestamp":"2026-02-21 17:50:02"}
{"level":"error","message":"Failed to connect to MongoDB: querySrv ECONNREFUSED _mongodb._tcp.cluster0.luyikgf.mongodb.net","service":"yojanamitra-sync","timestamp":"2026-02-21 17:52:39"}
{"level":"error","message":"Critical sync error: querySrv ECONNREFUSED _mongodb._tcp.cluster0.luyikgf.mongodb.net","service":"yojanamitra-sync","stack":"Error: querySrv ECONNREFUSED _mongodb._tcp.cluster0.luyikgf.mongodb.net\n    at QueryReqWrap.onresolve [as oncomplete] (node:internal/dns/promises:294:17)","timestamp":"2026-02-21 17:52:39"}
{"level":"error","message":"Fatal error during standalone sync querySrv ECONNREFUSED _mongodb._tcp.cluster0.luyikgf.mongodb.net","service":"yojanamitra-sync","timestamp":"2026-02-21 17:52:49"}
{"level":"error","message":"Failed to connect to MongoDB: Could not connect to any servers in your MongoDB Atlas cluster. One common reason is that you're trying to access the database from an IP that isn't whitelisted. Make sure your current IP address is on your Atlas cluster's IP whitelist: https://www.mongodb.com/docs/atlas/security-whitelist/","service":"yojanamitra-sync","timestamp":"2026-02-21 18:10:19"}
{"level":"error","message":"Critical sync error: Could not connect to any servers in your MongoDB Atlas cluster. One common reason is that you're trying to access the database from an IP that isn't whitelisted. Make sure your current IP address is on your Atlas cluster's IP whitelist: https://www.mongodb.com/docs/atlas/security-whitelist/","service":"yojanamitra-sync","stack":"MongooseServerSelectionError: Could not connect to any servers in your MongoDB Atlas cluster. One common reason is that you're trying to access the database from an IP that isn't whitelisted. Make sure your current IP address is on your Atlas cluster's IP whitelist: https://www.mongodb.com/docs/atlas/security-whitelist/\n    at _handleConnectionErrors (D:\\YojnaMitra\\sync-service\\node_modules\\mongoose\\lib\\connection.js:1169:11)\n    at NativeConnection.openUri (D:\\YojnaMitra\\sync-service\\node_modules\\mongoose\\lib\\connection.js:1100:11)\n    at runNextTicks (node:internal/process/task_queues:64:5)\n    at process.processTimers (node:internal/timers:538:9)\n    at async connectDB (D:\\YojnaMitra\\sync-service\\src\\config\\db.js:32:18)\n    at async syncSchemes (D:\\YojnaMitra\\sync-service\\src\\syncSchemes.js:201:7)","timestamp":"2026-02-21 18:10:19"}
{"level":"error","message":"Fatal error during standalone sync Could not connect to any servers in your MongoDB Atlas cluster. One common reason is that you're trying to access the database from an IP that isn't whitelisted. Make sure your current IP address is on your Atlas cluster's IP whitelist: https://www.mongodb.com/docs/atlas/security-whitelist/","service":"yojanamitra-sync","timestamp":"2026-02-21 18:10:29"}
{"level":"error","message":"Failed to connect to MongoDB: querySrv ECONNREFUSED _mongodb._tcp.cluster0.luyikgf.mongodb.net","service":"yojanamitra-sync","timestamp":"2026-02-21 18:14:40"}
{"level":"error","message":"Critical sync error: querySrv ECONNREFUSED _mongodb._tcp.cluster0.luyikgf.mongodb.net","service":"yojanamitra-sync","stack":"Error: querySrv ECONNREFUSED _mongodb._tcp.cluster0.luyikgf.mongodb.net\n    at QueryReqWrap.onresolve [as oncomplete] (node:internal/dns/promises:294:17)","timestamp":"2026-02-21 18:14:40"}
{"level":"error","message":"Fatal error during standalone sync querySrv ECONNREFUSED _mongodb._tcp.cluster0.luyikgf.mongodb.net","service":"yojanamitra-sync","timestamp":"2026-02-21 18:14:50"}
{"level":"error","message":"Failed to connect to MongoDB: querySrv ECONNREFUSED _mongodb._tcp.cluster0.luyikgf.mongodb.net","service":"yojanamitra-sync","timestamp":"2026-02-21 18:18:44"}
{"level":"error","message":"Critical sync error: querySrv ECONNREFUSED _mongodb._tcp.cluster0.luyikgf.mongodb.net","service":"yojanamitra-sync","stack":"Error: querySrv ECONNREFUSED _mongodb._tcp.cluster0.luyikgf.mongodb.net\n    at QueryReqWrap.onresolve [as oncomplete] (node:internal/dns/promises:294:17)","timestamp":"2026-02-21 18:18:44"}
{"level":"error","message":"Failed to connect to MongoDB: querySrv ECONNREFUSED _mongodb._tcp.cluster0.luyikgf.mongodb.net","service":"yojanamitra-sync","timestamp":"2026-02-21 18:19:07"}
{"level":"error","message":"Critical sync error: querySrv ECONNREFUSED _mongodb._tcp.cluster0.luyikgf.mongodb.net","service":"yojanamitra-sync","stack":"Error: querySrv ECONNREFUSED _mongodb._tcp.cluster0.luyikgf.mongodb.net\n    at QueryReqWrap.onresolve [as oncomplete] (node:internal/dns/promises:294:17)","timestamp":"2026-02-21 18:19:07"}
{"level":"error","message":"API error NETWORK on /schemes/v6/public/schemes: read ECONNRESET","service":"yojanamitra-sync","timestamp":"2026-02-21 18:22:10"}
